{"contracts\\ARSHToken.sol":{"l":{"9":3},"path":"C:\\Users\\Arshia Dhiman\\Solidity-Staking-Project\\arsh-core\\contracts\\ARSHToken.sol","s":{"1":3},"b":{},"f":{"1":3},"fnMap":{"1":{"name":"constructor","line":8,"loc":{"start":{"line":8,"column":4},"end":{"line":10,"column":4}}}},"statementMap":{"1":{"start":{"line":9,"column":8},"end":{"line":9,"column":39}}},"branchMap":{}},"contracts\\Faucet.sol":{"l":{"18":3,"19":3,"20":3,"24":5,"28":1,"32":1,"33":1,"37":2,"38":2,"42":1,"43":1,"51":1,"52":1,"56":1},"path":"C:\\Users\\Arshia Dhiman\\Solidity-Staking-Project\\arsh-core\\contracts\\Faucet.sol","s":{"1":3,"2":3,"3":3,"4":5,"5":1,"6":1,"7":2,"8":2,"9":1,"10":1,"11":1,"12":1,"13":1},"b":{"1":[1,4]},"f":{"1":3,"2":5,"3":1,"4":2,"5":1,"6":1,"7":1},"fnMap":{"1":{"name":"constructor","line":13,"loc":{"start":{"line":13,"column":4},"end":{"line":21,"column":4}}},"2":{"name":"allowedToWithdraw","line":23,"loc":{"start":{"line":23,"column":4},"end":{"line":29,"column":4}}},"3":{"name":"requestTokens","line":31,"loc":{"start":{"line":31,"column":4},"end":{"line":34,"column":4}}},"4":{"name":"setToken","line":36,"loc":{"start":{"line":36,"column":4},"end":{"line":39,"column":4}}},"5":{"name":"setWaitTime","line":41,"loc":{"start":{"line":41,"column":4},"end":{"line":44,"column":4}}},"6":{"name":"setTokenAmount","line":48,"loc":{"start":{"line":46,"column":4},"end":{"line":53,"column":4}}},"7":{"name":"transferTokens","line":55,"loc":{"start":{"line":55,"column":4},"end":{"line":57,"column":4}}}},"statementMap":{"1":{"start":{"line":18,"column":8},"end":{"line":18,"column":29}},"2":{"start":{"line":19,"column":8},"end":{"line":19,"column":27}},"3":{"start":{"line":20,"column":8},"end":{"line":20,"column":33}},"4":{"start":{"line":24,"column":8},"end":{"line":24,"column":651}},"5":{"start":{"line":32,"column":8},"end":{"line":32,"column":51}},"6":{"start":{"line":33,"column":8},"end":{"line":33,"column":46}},"7":{"start":{"line":37,"column":8},"end":{"line":37,"column":29}},"8":{"start":{"line":38,"column":8},"end":{"line":38,"column":19}},"9":{"start":{"line":42,"column":8},"end":{"line":42,"column":27}},"10":{"start":{"line":43,"column":8},"end":{"line":43,"column":19}},"11":{"start":{"line":51,"column":8},"end":{"line":51,"column":33}},"12":{"start":{"line":52,"column":8},"end":{"line":52,"column":19}},"13":{"start":{"line":56,"column":8},"end":{"line":56,"column":62}}},"branchMap":{"1":{"line":24,"type":"if","locations":[{"start":{"line":24,"column":8},"end":{"line":24,"column":8}},{"start":{"line":24,"column":8},"end":{"line":24,"column":8}}]}}}}