{
"contracts\\ARSHToken.sol":{"l":{"9":3},"path":"C:\\Users\\Arshia Dhiman\\Solidity-Staking-Project\\arsh-core\\contracts\\ARSHToken.sol","s":{"1":3},"b":{},"f":{"1":3},"fnMap":{"1":{"name":"constructor","line":8,"loc":{"start":{"line":8,"column":4},"end":{"line":10,"column":4}}}},"statementMap":{"1":{"start":{"line":9,"column":8},"end":{"line":9,"column":39}}},"branchMap":{}},
"contracts\\Faucet.sol":{"l":{"17":3,"18":3,"19":3,"23":5,"27":1,"31":1,"32":1,"36":2,"37":2,"41":1,"42":1,"50":1,"51":1,"55":1},"path":"C:\\Users\\Arshia Dhiman\\Solidity-Staking-Project\\arsh-core\\contracts\\Faucet.sol","s":{"1":3,"2":3,"3":3,"4":5,"5":1,"6":1,"7":2,"8":2,"9":1,"10":1,"11":1,"12":1,"13":1},"b":{"1":[1,4]},"f":{"1":3,"2":5,"3":1,"4":2,"5":1,"6":1,"7":1},"fnMap":{"1":{"name":"constructor","line":12,"loc":{"start":{"line":12,"column":4},"end":{"line":20,"column":4}}},"2":{"name":"allowedToWithdraw","line":22,"loc":{"start":{"line":22,"column":4},"end":{"line":28,"column":4}}},"3":{"name":"requestTokens","line":30,"loc":{"start":{"line":30,"column":4},"end":{"line":33,"column":4}}},"4":{"name":"setToken","line":35,"loc":{"start":{"line":35,"column":4},"end":{"line":38,"column":4}}},"5":{"name":"setWaitTime","line":40,"loc":{"start":{"line":40,"column":4},"end":{"line":43,"column":4}}},"6":{"name":"setTokenAmount","line":47,"loc":{"start":{"line":45,"column":4},"end":{"line":52,"column":4}}},"7":{"name":"transferTokens","line":54,"loc":{"start":{"line":54,"column":4},"end":{"line":56,"column":4}}}},"statementMap":{"1":{"start":{"line":17,"column":8},"end":{"line":17,"column":29}},"2":{"start":{"line":18,"column":8},"end":{"line":18,"column":27}},"3":{"start":{"line":19,"column":8},"end":{"line":19,"column":33}},"4":{"start":{"line":23,"column":8},"end":{"line":23,"column":618}},"5":{"start":{"line":31,"column":8},"end":{"line":31,"column":51}},"6":{"start":{"line":32,"column":8},"end":{"line":32,"column":46}},"7":{"start":{"line":36,"column":8},"end":{"line":36,"column":29}},"8":{"start":{"line":37,"column":8},"end":{"line":37,"column":19}},"9":{"start":{"line":41,"column":8},"end":{"line":41,"column":27}},"10":{"start":{"line":42,"column":8},"end":{"line":42,"column":19}},"11":{"start":{"line":50,"column":8},"end":{"line":50,"column":33}},"12":{"start":{"line":51,"column":8},"end":{"line":51,"column":19}},"13":{"start":{"line":55,"column":8},"end":{"line":55,"column":62}}},"branchMap":{"1":{"line":23,"type":"if","locations":[{"start":{"line":23,"column":8},"end":{"line":23,"column":8}},{"start":{"line":23,"column":8},"end":{"line":23,"column":8}}]}}},
"contracts\\Staking.sol":{"l":{"37":3,"41":1,"42":1,"44":1,"45":2,"46":2,"59":1,"60":1,"67":2,"68":2,"69":2,"70":2,"74":3,"78":4,"82":3,"83":3,"87":10,"88":8,"93":6,"94":6,"96":6,"97":3,"100":3,"103":6,"104":6,"106":6,"108":6,"112":2,"114":2,"116":2,"118":2,"120":2,"124":2,"125":2,"126":2,"134":5,"142":5,"143":5,"146":5,"147":5,"148":5,"150":5,"152":5,"157":5},"path":"C:\\Users\\Arshia Dhiman\\Solidity-Staking-Project\\arsh-core\\contracts\\Staking.sol","s":{"1":3,"2":1,"3":1,"4":1,"5":2,"6":2,"7":1,"8":1,"9":2,"10":2,"11":2,"12":2,"13":3,"14":4,"15":3,"16":3,"17":10,"18":8,"19":6,"20":6,"21":6,"22":3,"23":3,"24":6,"25":6,"26":6,"27":6,"28":2,"29":2,"30":2,"31":2,"32":2,"33":2,"34":2,"35":2,"36":5,"37":5,"38":5,"39":5,"40":5,"41":5,"42":5,"43":5,"44":5},"b":{"1":[8,2],"2":[6,2],"3":[3,3]},"f":{"1":3,"2":1,"3":1,"4":2,"5":3,"6":4,"7":3,"8":10,"9":2,"10":2,"11":5,"12":5},"fnMap":{"1":{"name":"constructor","line":36,"loc":{"start":{"line":36,"column":4},"end":{"line":38,"column":4}}},"2":{"name":"getPools","line":40,"loc":{"start":{"line":40,"column":4},"end":{"line":52,"column":4}}},"3":{"name":"setPools","line":58,"loc":{"start":{"line":54,"column":4},"end":{"line":61,"column":4}}},"4":{"name":"addPool","line":65,"loc":{"start":{"line":63,"column":4},"end":{"line":71,"column":4}}},"5":{"name":"getPoolsLength","line":73,"loc":{"start":{"line":73,"column":4},"end":{"line":75,"column":4}}},"6":{"name":"getPoolTotalStaked","line":77,"loc":{"start":{"line":77,"column":4},"end":{"line":79,"column":4}}},"7":{"name":"addStakeholder","line":81,"loc":{"start":{"line":81,"column":4},"end":{"line":84,"column":4}}},"8":{"name":"stake","line":86,"loc":{"start":{"line":86,"column":4},"end":{"line":109,"column":4}}},"9":{"name":"unstake","line":111,"loc":{"start":{"line":111,"column":4},"end":{"line":121,"column":4}}},"10":{"name":"removeStakeholder","line":123,"loc":{"start":{"line":123,"column":4},"end":{"line":127,"column":4}}},"11":{"name":"getAmountStaked","line":129,"loc":{"start":{"line":129,"column":4},"end":{"line":135,"column":4}}},"12":{"name":"calculateReward","line":137,"loc":{"start":{"line":137,"column":4},"end":{"line":158,"column":4}}}},"statementMap":{"1":{"start":{"line":37,"column":8},"end":{"line":37,"column":29}},"2":{"start":{"line":41,"column":8},"end":{"line":41,"column":38}},"3":{"start":{"line":42,"column":8},"end":{"line":42,"column":41}},"4":{"start":{"line":44,"column":8},"end":{"line":44,"column":1107}},"5":{"start":{"line":45,"column":12},"end":{"line":45,"column":51}},"6":{"start":{"line":46,"column":12},"end":{"line":46,"column":1214}},"7":{"start":{"line":59,"column":8},"end":{"line":59,"column":52}},"8":{"start":{"line":60,"column":8},"end":{"line":60,"column":52}},"9":{"start":{"line":67,"column":8},"end":{"line":67,"column":41}},"10":{"start":{"line":68,"column":8},"end":{"line":68,"column":26}},"11":{"start":{"line":69,"column":8},"end":{"line":69,"column":49}},"12":{"start":{"line":70,"column":8},"end":{"line":70,"column":49}},"13":{"start":{"line":74,"column":8},"end":{"line":74,"column":34}},"14":{"start":{"line":78,"column":8},"end":{"line":78,"column":47}},"15":{"start":{"line":82,"column":8},"end":{"line":82,"column":55}},"16":{"start":{"line":83,"column":8},"end":{"line":83,"column":50}},"17":{"start":{"line":87,"column":8},"end":{"line":87,"column":48}},"18":{"start":{"line":88,"column":8},"end":{"line":88,"column":2470}},"19":{"start":{"line":93,"column":8},"end":{"line":93,"column":55}},"20":{"start":{"line":94,"column":8},"end":{"line":94,"column":64}},"21":{"start":{"line":96,"column":8},"end":{"line":96,"column":2721}},"22":{"start":{"line":97,"column":12},"end":{"line":97,"column":33}},"23":{"start":{"line":100,"column":12},"end":{"line":100,"column":77}},"24":{"start":{"line":103,"column":8},"end":{"line":103,"column":45}},"25":{"start":{"line":104,"column":8},"end":{"line":104,"column":41}},"26":{"start":{"line":106,"column":8},"end":{"line":106,"column":55}},"27":{"start":{"line":108,"column":8},"end":{"line":108,"column":61}},"28":{"start":{"line":112,"column":8},"end":{"line":112,"column":77}},"29":{"start":{"line":114,"column":8},"end":{"line":114,"column":60}},"30":{"start":{"line":116,"column":8},"end":{"line":116,"column":44}},"31":{"start":{"line":118,"column":8},"end":{"line":118,"column":50}},"32":{"start":{"line":120,"column":8},"end":{"line":120,"column":48}},"33":{"start":{"line":124,"column":8},"end":{"line":124,"column":65}},"34":{"start":{"line":125,"column":8},"end":{"line":125,"column":61}},"35":{"start":{"line":126,"column":8},"end":{"line":126,"column":66}},"36":{"start":{"line":134,"column":8},"end":{"line":134,"column":64}},"37":{"start":{"line":142,"column":8},"end":{"line":142,"column":58}},"38":{"start":{"line":143,"column":8},"end":{"line":143,"column":4216}},"39":{"start":{"line":146,"column":8},"end":{"line":146,"column":60}},"40":{"start":{"line":147,"column":8},"end":{"line":147,"column":60}},"41":{"start":{"line":148,"column":8},"end":{"line":148,"column":61}},"42":{"start":{"line":150,"column":8},"end":{"line":150,"column":78}},"43":{"start":{"line":152,"column":8},"end":{"line":152,"column":4604}},"44":{"start":{"line":157,"column":8},"end":{"line":157,"column":21}}},"branchMap":{"1":{"line":87,"type":"if","locations":[{"start":{"line":87,"column":8},"end":{"line":87,"column":8}},{"start":{"line":87,"column":8},"end":{"line":87,"column":8}}]},"2":{"line":88,"type":"if","locations":[{"start":{"line":88,"column":8},"end":{"line":88,"column":8}},{"start":{"line":88,"column":8},"end":{"line":88,"column":8}}]},"3":{"line":96,"type":"if","locations":[{"start":{"line":96,"column":8},"end":{"line":96,"column":8}},{"start":{"line":96,"column":8},"end":{"line":96,"column":8}}]}}}}
