TN:
SF:C:\Users\Arshia Dhiman\Solidity-Staking-Project\arsh-core\contracts\ARSHToken.sol
FN:8,constructor
FNF:1
FNH:1
FNDA:3,constructor
DA:9,3
LF:1
LH:1
BRF:0
BRH:0
end_of_record
TN:
SF:C:\Users\Arshia Dhiman\Solidity-Staking-Project\arsh-core\contracts\Faucet.sol
FN:13,constructor
FN:23,allowedToWithdraw
FN:31,requestTokens
FN:36,setToken
FN:41,setWaitTime
FN:48,setTokenAmount
FN:55,transferTokens
FNF:7
FNH:7
FNDA:3,constructor
FNDA:5,allowedToWithdraw
FNDA:1,requestTokens
FNDA:2,setToken
FNDA:1,setWaitTime
FNDA:1,setTokenAmount
FNDA:1,transferTokens
DA:18,3
DA:19,3
DA:20,3
DA:24,5
DA:28,1
DA:32,1
DA:33,1
DA:37,2
DA:38,2
DA:42,1
DA:43,1
DA:51,1
DA:52,1
DA:56,1
LF:14
LH:14
BRDA:24,1,0,1
BRDA:24,1,1,4
BRF:2
BRH:2
end_of_record
