TN:
SF:C:\Users\Arshia Dhiman\Solidity-Staking-Project\arsh-core\contracts\ARSHToken.sol
FN:8,constructor
FNF:1
FNH:1
FNDA:3,constructor
DA:9,3
LF:1
LH:1
BRF:0
BRH:0
end_of_record
TN:
SF:C:\Users\Arshia Dhiman\Solidity-Staking-Project\arsh-core\contracts\Faucet.sol
FN:12,constructor
FN:22,allowedToWithdraw
FN:30,requestTokens
FN:35,setToken
FN:40,setWaitTime
FN:47,setTokenAmount
FN:54,transferTokens
FNF:7
FNH:7
FNDA:3,constructor
FNDA:5,allowedToWithdraw
FNDA:1,requestTokens
FNDA:2,setToken
FNDA:1,setWaitTime
FNDA:1,setTokenAmount
FNDA:1,transferTokens
DA:17,3
DA:18,3
DA:19,3
DA:23,5
DA:27,1
DA:31,1
DA:32,1
DA:36,2
DA:37,2
DA:41,1
DA:42,1
DA:50,1
DA:51,1
DA:55,1
LF:14
LH:14
BRDA:23,1,0,1
BRDA:23,1,1,4
BRF:2
BRH:2
end_of_record
TN:
SF:C:\Users\Arshia Dhiman\Solidity-Staking-Project\arsh-core\contracts\Staking.sol
FN:36,constructor
FN:40,getPools
FN:58,setPools
FN:65,addPool
FN:73,getPoolsLength
FN:77,getPoolTotalStaked
FN:81,addStakeholder
FN:86,stake
FN:111,unstake
FN:123,removeStakeholder
FN:129,getAmountStaked
FN:137,calculateReward
FNF:12
FNH:12
FNDA:3,constructor
FNDA:1,getPools
FNDA:1,setPools
FNDA:2,addPool
FNDA:3,getPoolsLength
FNDA:4,getPoolTotalStaked
FNDA:3,addStakeholder
FNDA:10,stake
FNDA:2,unstake
FNDA:2,removeStakeholder
FNDA:5,getAmountStaked
FNDA:5,calculateReward
DA:37,3
DA:41,1
DA:42,1
DA:44,1
DA:45,2
DA:46,2
DA:59,1
DA:60,1
DA:67,2
DA:68,2
DA:69,2
DA:70,2
DA:74,3
DA:78,4
DA:82,3
DA:83,3
DA:87,10
DA:88,8
DA:93,6
DA:94,6
DA:96,6
DA:97,3
DA:100,3
DA:103,6
DA:104,6
DA:106,6
DA:108,6
DA:112,2
DA:114,2
DA:116,2
DA:118,2
DA:120,2
DA:124,2
DA:125,2
DA:126,2
DA:134,5
DA:142,5
DA:143,5
DA:146,5
DA:147,5
DA:148,5
DA:150,5
DA:152,5
DA:157,5
LF:44
LH:44
BRDA:87,1,0,8
BRDA:87,1,1,2
BRDA:88,2,0,6
BRDA:88,2,1,2
BRDA:96,3,0,3
BRDA:96,3,1,3
BRF:6
BRH:6
end_of_record
